0 info it worked if it ends with ok
1 verbose cli [ '/usr/local/bin/node',
1 verbose cli   '/usr/local/bin/npm',
1 verbose cli   'run',
1 verbose cli   'test',
1 verbose cli   'hello.test.ts' ]
2 info using npm@3.10.10
3 info using node@v6.12.0
4 verbose run-script [ 'pretest', 'test', 'posttest' ]
5 info lifecycle jest-typescript-seed@1.0.0~pretest: jest-typescript-seed@1.0.0
6 silly lifecycle jest-typescript-seed@1.0.0~pretest: no script for pretest, continuing
7 info lifecycle jest-typescript-seed@1.0.0~test: jest-typescript-seed@1.0.0
8 verbose lifecycle jest-typescript-seed@1.0.0~test: unsafe-perm in lifecycle true
9 verbose lifecycle jest-typescript-seed@1.0.0~test: PATH: /usr/local/lib/node_modules/npm/bin/node-gyp-bin:/Users/geekchow/Desktop/ng5-sharing/rxjs/jest-typescript-seed/node_modules/.bin:/Users/geekchow/anaconda2/bin:/opt/subversion/bin:/Users/geekchow/.rbenv/shims:/Users/geekchow/.rbenv/bin:/usr/local/bin:/usr/bin:/bin:/usr/sbin:/sbin:/opt/X11/bin:/Applications/Wireshark.app/Contents/MacOS:/Users/geekchow/anaconda2/bin:/opt/subversion/bin:/Users/geekchow/.rbenv/shims:/Users/geekchow/.rbenv/bin:/Users/geekchow/android-dev/android-sdk-macosx/platform-tools:/Users/geekchow/android-dev/android-sdk-macosx/tools:/Users/geekchow/apache-maven-3.3.9/bin:/Users/geekchow/.rvm/bin:/Users/geekchow/android-dev/android-sdk-macosx/platform-tools:/Users/geekchow/android-dev/android-sdk-macosx/tools:/Users/geekchow/apache-maven-3.3.9/bin
10 verbose lifecycle jest-typescript-seed@1.0.0~test: CWD: /Users/geekchow/Desktop/ng5-sharing/rxjs/jest-typescript-seed
11 silly lifecycle jest-typescript-seed@1.0.0~test: Args: [ '-c',
11 silly lifecycle   'echo "Error: no test specified" && exit 1 "hello.test.ts"' ]
12 silly lifecycle jest-typescript-seed@1.0.0~test: Returned: code: 1  signal: null
13 info lifecycle jest-typescript-seed@1.0.0~test: Failed to exec test script
14 verbose stack Error: jest-typescript-seed@1.0.0 test: `echo "Error: no test specified" && exit 1 "hello.test.ts"`
14 verbose stack Exit status 1
14 verbose stack     at EventEmitter.<anonymous> (/usr/local/lib/node_modules/npm/lib/utils/lifecycle.js:255:16)
14 verbose stack     at emitTwo (events.js:106:13)
14 verbose stack     at EventEmitter.emit (events.js:191:7)
14 verbose stack     at ChildProcess.<anonymous> (/usr/local/lib/node_modules/npm/lib/utils/spawn.js:40:14)
14 verbose stack     at emitTwo (events.js:106:13)
14 verbose stack     at ChildProcess.emit (events.js:191:7)
14 verbose stack     at maybeClose (internal/child_process.js:920:16)
14 verbose stack     at Process.ChildProcess._handle.onexit (internal/child_process.js:230:5)
15 verbose pkgid jest-typescript-seed@1.0.0
16 verbose cwd /Users/geekchow/Desktop/ng5-sharing/rxjs/jest-typescript-seed
17 error Darwin 16.7.0
18 error argv "/usr/local/bin/node" "/usr/local/bin/npm" "run" "test" "hello.test.ts"
19 error node v6.12.0
20 error npm  v3.10.10
21 error code ELIFECYCLE
22 error jest-typescript-seed@1.0.0 test: `echo "Error: no test specified" && exit 1 "hello.test.ts"`
22 error Exit status 1
23 error Failed at the jest-typescript-seed@1.0.0 test script 'echo "Error: no test specified" && exit 1 "hello.test.ts"'.
23 error Make sure you have the latest version of node.js and npm installed.
23 error If you do, this is most likely a problem with the jest-typescript-seed package,
23 error not with npm itself.
23 error Tell the author that this fails on your system:
23 error     echo "Error: no test specified" && exit 1 "hello.test.ts"
23 error You can get information on how to open an issue for this project with:
23 error     npm bugs jest-typescript-seed
23 error Or if that isn't available, you can get their info via:
23 error     npm owner ls jest-typescript-seed
23 error There is likely additional logging output above.
24 verbose exit [ 1, true ]
